[2016-07-01 20:09:34] slim-app.INFO: India '/' home [] {"uid":"84c3d2e"}
[2016-07-01 20:13:37] slim-app.INFO: India '/' home [] {"uid":"0d75185"}
[2016-07-01 20:13:37] slim-app.INFO: India '/' pages all [] {"uid":"92e7319"}
[2016-07-01 20:13:37] slim-app.INFO: India '/' comment [] {"uid":"9c1a10b"}
[2016-07-01 20:13:37] slim-app.INFO: India '/' work [] {"uid":"bf24d78"}
[2016-07-01 20:13:37] slim-app.INFO: India '/' home [] {"uid":"29adf6d"}
[2016-07-01 20:13:44] slim-app.INFO: India '/' pages [] {"uid":"8e72ed0"}
[2016-07-01 20:13:52] slim-app.INFO: India '/' home [] {"uid":"3227846"}
[2016-07-01 20:13:52] slim-app.INFO: India '/' pages all [] {"uid":"0cd86b5"}
[2016-07-01 20:13:52] slim-app.INFO: India '/' comment [] {"uid":"24a8d4f"}
[2016-07-01 20:13:52] slim-app.INFO: India '/' work [] {"uid":"a4f8243"}
[2016-07-01 20:13:52] slim-app.INFO: India '/' home [] {"uid":"e6bc8c0"}
[2016-08-16 18:23:56] slim-app.INFO: India '/' home [] {"uid":"0993263"}
[2016-08-16 18:23:56] slim-app.INFO: India '/' work [] {"uid":"fc4dfdd"}
[2016-08-16 18:23:56] slim-app.INFO: India '/' comment [] {"uid":"2686706"}
[2016-08-16 18:23:56] slim-app.INFO: India '/' home [] {"uid":"9f132eb"}
[2016-08-16 18:23:56] slim-app.INFO: India '/' pages all [] {"uid":"aec0c51"}
[2016-08-16 18:23:57] slim-app.INFO: India '/' home [] {"uid":"db47ec7"}
[2016-08-16 18:25:34] slim-app.INFO: India '/' home [] {"uid":"3caad3c"}
[2016-08-16 18:25:34] slim-app.INFO: India '/' comment [] {"uid":"fb5767c"}
[2016-08-16 18:25:34] slim-app.INFO: India '/' pages all [] {"uid":"eb48e8b"}
[2016-08-16 18:25:34] slim-app.INFO: India '/' work [] {"uid":"ddfc649"}
[2016-08-16 18:25:34] slim-app.INFO: India '/' home [] {"uid":"b08ff5b"}
[2016-08-16 18:26:23] slim-app.INFO: India '/' home [] {"uid":"ff89d4c"}
[2016-08-16 18:26:24] slim-app.INFO: India '/' home [] {"uid":"f8ba095"}
[2016-08-16 18:26:24] slim-app.INFO: India '/' home [] {"uid":"09fc0b3"}
[2016-08-16 18:26:25] slim-app.INFO: India '/' home [] {"uid":"14c9203"}
[2016-08-16 18:26:25] slim-app.INFO: India '/' home [] {"uid":"0087f41"}
[2016-08-16 18:26:32] slim-app.INFO: India '/' home [] {"uid":"93eb296"}
[2016-08-16 18:26:32] slim-app.INFO: India '/' home [] {"uid":"b74d20f"}
[2016-08-16 18:26:32] slim-app.INFO: India '/' home [] {"uid":"324b401"}
[2016-08-16 18:26:34] slim-app.INFO: India '/' home [] {"uid":"7c9c23a"}
[2016-08-16 18:26:34] slim-app.INFO: India '/' home [] {"uid":"b01f60d"}
[2016-08-16 18:26:34] slim-app.INFO: India '/' home [] {"uid":"216ea43"}
[2016-08-16 18:26:44] slim-app.INFO: India '/' home [] {"uid":"4f291fe"}
[2016-08-16 18:26:44] slim-app.INFO: India '/' home [] {"uid":"47c0e7e"}
[2016-08-16 18:27:13] slim-app.INFO: India '/' home [] {"uid":"60209b8"}
[2016-08-16 18:27:13] slim-app.INFO: India '/' home [] {"uid":"1571091"}
[2016-08-16 18:28:13] slim-app.INFO: India '/' home [] {"uid":"96d5399"}
[2016-08-16 18:28:14] slim-app.INFO: India '/' home [] {"uid":"a33b8a1"}
[2016-08-16 18:29:45] slim-app.INFO: India '/' home [] {"uid":"6c84a96"}
[2016-08-16 18:29:45] slim-app.INFO: India '/' home [] {"uid":"8325150"}
[2016-08-16 18:29:57] slim-app.INFO: India '/' home [] {"uid":"d83e38c"}
[2016-08-16 18:29:57] slim-app.INFO: India '/' home [] {"uid":"15bdc26"}
[2016-08-16 18:30:04] slim-app.INFO: India '/' home [] {"uid":"38a412f"}
[2016-08-16 18:30:04] slim-app.INFO: India '/' home [] {"uid":"d6efc72"}
[2016-08-16 18:30:09] slim-app.INFO: India '/' home [] {"uid":"8d647c8"}
[2016-08-16 18:30:09] slim-app.INFO: India '/' home [] {"uid":"1099a67"}
[2016-08-16 18:30:28] slim-app.INFO: India '/' home [] {"uid":"de34cda"}
[2016-08-16 18:30:28] slim-app.INFO: India '/' home [] {"uid":"5d01f4d"}
[2016-08-16 18:30:53] slim-app.INFO: India '/' home [] {"uid":"6b34fb9"}
[2016-08-16 18:30:53] slim-app.INFO: India '/' home [] {"uid":"53df57f"}
[2016-08-16 18:31:10] slim-app.INFO: India '/' home [] {"uid":"a14dc33"}
[2016-08-16 18:31:10] slim-app.INFO: India '/' home [] {"uid":"d8f8d59"}
[2016-08-16 18:31:11] slim-app.INFO: India '/' home [] {"uid":"8f49606"}
[2016-08-16 18:31:11] slim-app.INFO: India '/' home [] {"uid":"500d6b4"}
[2016-08-16 18:31:16] slim-app.INFO: India '/' home [] {"uid":"5ec7342"}
[2016-08-16 18:31:16] slim-app.INFO: India '/' home [] {"uid":"33e1299"}
[2016-08-16 18:31:22] slim-app.INFO: India '/' home [] {"uid":"f0f8389"}
[2016-08-16 18:31:23] slim-app.INFO: India '/' home [] {"uid":"18d7a0e"}
[2016-08-16 18:31:26] slim-app.INFO: India '/' home [] {"uid":"ae8ef9f"}
[2016-08-16 18:31:26] slim-app.INFO: India '/' home [] {"uid":"21248db"}
[2016-08-16 18:32:46] slim-app.INFO: India '/' home [] {"uid":"0bb9b7a"}
[2016-08-16 18:32:47] slim-app.INFO: India '/' home [] {"uid":"ef98282"}
[2016-08-16 18:33:53] slim-app.INFO: India '/' home [] {"uid":"dc711c3"}
[2016-08-16 18:33:53] slim-app.INFO: India '/' home [] {"uid":"32c88b6"}
[2016-08-16 18:34:04] slim-app.INFO: India '/' home [] {"uid":"2cb35e9"}
[2016-08-16 18:34:04] slim-app.INFO: India '/' home [] {"uid":"bdcd382"}
[2016-08-16 18:34:47] slim-app.INFO: India '/' home [] {"uid":"4da5371"}
[2016-08-16 18:34:47] slim-app.INFO: India '/' home [] {"uid":"b7f6368"}
[2016-08-16 18:35:07] slim-app.INFO: India '/' home [] {"uid":"e97e5e2"}
[2016-08-16 18:35:07] slim-app.INFO: India '/' home [] {"uid":"c864ebb"}
[2016-08-16 18:35:34] slim-app.INFO: India '/' home [] {"uid":"3384a0e"}
[2016-08-16 18:35:35] slim-app.INFO: India '/' home [] {"uid":"5d67f71"}
[2016-08-16 18:35:42] slim-app.INFO: India '/' home [] {"uid":"00fb044"}
[2016-08-16 18:35:44] slim-app.INFO: India '/' home [] {"uid":"f358ba1"}
[2016-08-16 18:37:37] slim-app.INFO: India '/' home [] {"uid":"fd7382e"}
[2016-08-16 18:37:37] slim-app.INFO: India '/' home [] {"uid":"09a4c2e"}
[2016-08-16 18:37:44] slim-app.INFO: India '/' home [] {"uid":"078f609"}
[2016-08-16 18:37:46] slim-app.INFO: India '/' home [] {"uid":"6e1238a"}
[2016-08-16 18:38:12] slim-app.INFO: India '/' home [] {"uid":"ac4ec98"}
[2016-08-16 18:38:12] slim-app.INFO: India '/' home [] {"uid":"36fba23"}
[2016-08-16 18:40:25] slim-app.INFO: India '/' home [] {"uid":"36a1cb5"}
[2016-08-16 18:40:25] slim-app.INFO: India '/' home [] {"uid":"5d58486"}
[2016-08-16 18:40:36] slim-app.INFO: India '/' home [] {"uid":"ee806aa"}
[2016-08-16 18:40:36] slim-app.INFO: India '/' home [] {"uid":"8440d98"}
[2016-08-16 18:41:11] slim-app.INFO: India '/' home [] {"uid":"e4864f8"}
[2016-08-16 18:41:11] slim-app.INFO: India '/' home [] {"uid":"8017f96"}
[2016-08-16 18:43:22] slim-app.INFO: India '/' home [] {"uid":"86a68d0"}
[2016-08-16 18:43:22] slim-app.INFO: India '/' home [] {"uid":"acd363d"}
[2016-08-16 18:44:12] slim-app.INFO: India '/' home [] {"uid":"b12eb8b"}
[2016-08-16 18:44:13] slim-app.INFO: India '/' home [] {"uid":"8995c6f"}
[2016-08-16 18:44:45] slim-app.INFO: India '/' home [] {"uid":"ed2636a"}
[2016-08-16 18:44:45] slim-app.INFO: India '/' home [] {"uid":"487fe3e"}
[2016-08-16 18:45:10] slim-app.INFO: India '/' home [] {"uid":"9192e2b"}
[2016-08-16 18:45:10] slim-app.INFO: India '/' home [] {"uid":"5d6a81a"}
[2016-08-16 18:45:28] slim-app.INFO: India '/' home [] {"uid":"cf470f3"}
[2016-08-16 18:45:29] slim-app.INFO: India '/' home [] {"uid":"a346297"}
[2016-08-16 18:45:31] slim-app.INFO: India '/' home [] {"uid":"63e126a"}
[2016-08-16 18:45:31] slim-app.INFO: India '/' home [] {"uid":"43e869f"}
[2016-08-16 18:46:09] slim-app.INFO: India '/' home [] {"uid":"739d160"}
[2016-08-16 18:46:09] slim-app.INFO: India '/' home [] {"uid":"c416b49"}
[2016-08-16 18:46:13] slim-app.INFO: India '/' home [] {"uid":"6de9048"}
[2016-08-16 18:46:13] slim-app.INFO: India '/' home [] {"uid":"bd2f79e"}
[2016-08-16 18:48:00] slim-app.INFO: India '/' home [] {"uid":"68c9d3e"}
[2016-08-16 18:48:01] slim-app.INFO: India '/' home [] {"uid":"09498e9"}
[2016-08-16 18:48:19] slim-app.INFO: India '/' home [] {"uid":"18e1b25"}
[2016-08-16 18:48:20] slim-app.INFO: India '/' home [] {"uid":"8317f37"}
[2016-08-16 18:48:46] slim-app.INFO: India '/' home [] {"uid":"4340c8e"}
[2016-08-16 18:48:47] slim-app.INFO: India '/' home [] {"uid":"31a2e9b"}
[2016-08-16 18:49:13] slim-app.INFO: India '/' home [] {"uid":"5b7a2ab"}
[2016-08-16 18:49:14] slim-app.INFO: India '/' home [] {"uid":"cff266d"}
[2016-08-16 18:50:35] slim-app.INFO: India '/' home [] {"uid":"3e0a0b7"}
[2016-08-16 18:50:36] slim-app.INFO: India '/' home [] {"uid":"4f3854d"}
[2016-08-16 18:51:06] slim-app.INFO: India '/' home [] {"uid":"84d1d80"}
[2016-08-16 18:51:07] slim-app.INFO: India '/' home [] {"uid":"1d42809"}
[2016-08-16 18:51:18] slim-app.INFO: India '/' home [] {"uid":"a6b4d1e"}
[2016-08-16 18:51:19] slim-app.INFO: India '/' home [] {"uid":"8822150"}
[2016-08-16 18:51:23] slim-app.INFO: India '/' home [] {"uid":"cb38b2a"}
[2016-08-16 18:51:24] slim-app.INFO: India '/' home [] {"uid":"a71b071"}
[2016-08-16 18:51:59] slim-app.INFO: India '/' home [] {"uid":"bd515ec"}
[2016-08-16 18:51:59] slim-app.INFO: India '/' home [] {"uid":"88ee0d3"}
[2016-08-16 18:52:02] slim-app.INFO: India '/' home [] {"uid":"994ad1a"}
[2016-08-16 18:52:03] slim-app.INFO: India '/' home [] {"uid":"d89c62c"}
[2016-08-16 18:52:08] slim-app.INFO: India '/' home [] {"uid":"c93eef8"}
[2016-08-16 18:52:08] slim-app.INFO: India '/' home [] {"uid":"0657406"}
[2016-08-16 18:53:43] slim-app.INFO: India '/' home [] {"uid":"b03eaa3"}
[2016-08-16 18:53:43] slim-app.INFO: India '/' home [] {"uid":"78ff246"}
[2016-08-16 18:53:53] slim-app.INFO: India '/' home [] {"uid":"93aceb1"}
[2016-08-16 18:53:54] slim-app.INFO: India '/' home [] {"uid":"c3d7ee7"}
[2016-08-16 18:53:59] slim-app.INFO: India '/' home [] {"uid":"eb30b15"}
[2016-08-16 18:54:00] slim-app.INFO: India '/' home [] {"uid":"766fd13"}
[2016-08-16 18:57:41] slim-app.INFO: India '/' home [] {"uid":"94531a7"}
[2016-08-16 18:57:43] slim-app.INFO: India '/' home [] {"uid":"30664bf"}
[2016-08-21 15:46:23] slim-app.INFO: India '/' home [] {"uid":"d43e85e"}
[2016-08-21 15:46:24] slim-app.INFO: India '/' home [] {"uid":"073e2bb"}
[2016-08-21 15:55:32] slim-app.INFO: India '/' home [] {"uid":"5ce16fd"}
[2016-08-21 15:55:33] slim-app.INFO: India '/' home [] {"uid":"58fb60b"}
[2016-08-21 15:55:39] slim-app.INFO: India '/' home [] {"uid":"f681f65"}
[2016-08-21 15:55:39] slim-app.INFO: India '/' home [] {"uid":"276c779"}
[2016-08-21 15:55:42] slim-app.INFO: India '/' home [] {"uid":"3d69859"}
[2016-08-21 15:55:42] slim-app.INFO: India '/' home [] {"uid":"da338a8"}
[2016-08-21 16:02:21] slim-app.INFO: India '/' home [] {"uid":"c781e73"}
[2016-08-21 16:02:21] slim-app.INFO: India '/' home [] {"uid":"5daa234"}
[2016-08-21 16:02:42] slim-app.INFO: India '/' home [] {"uid":"f053db2"}
[2016-08-21 16:02:43] slim-app.INFO: India '/' home [] {"uid":"635030d"}
[2016-08-21 16:02:50] slim-app.INFO: India '/' home [] {"uid":"b7ab5eb"}
[2016-08-21 16:02:51] slim-app.INFO: India '/' home [] {"uid":"249cd43"}
[2016-08-21 16:02:53] slim-app.INFO: India '/' home [] {"uid":"7d70e6d"}
[2016-08-21 16:02:54] slim-app.INFO: India '/' home [] {"uid":"f4b88ef"}
[2016-08-21 16:10:26] slim-app.INFO: India '/' home [] {"uid":"3d4dd32"}
[2016-08-21 16:10:27] slim-app.INFO: India '/' home [] {"uid":"d1999e0"}
[2016-08-21 16:10:34] slim-app.INFO: India '/' home [] {"uid":"273e33e"}
[2016-08-21 16:10:35] slim-app.INFO: India '/' home [] {"uid":"deec253"}
[2016-08-21 16:11:30] slim-app.INFO: India '/' home [] {"uid":"ddc3213"}
[2016-08-21 16:11:30] slim-app.INFO: India '/' home [] {"uid":"f42d9e4"}
[2016-08-21 16:11:31] slim-app.INFO: India '/' home [] {"uid":"326d0d0"}
[2016-08-21 16:11:31] slim-app.INFO: India '/' home [] {"uid":"5ae46ef"}
[2016-08-21 16:12:04] slim-app.INFO: India '/' home [] {"uid":"e560af4"}
[2016-08-21 16:12:10] slim-app.INFO: India '/' home [] {"uid":"bc1f6c1"}
[2016-08-21 16:12:11] slim-app.INFO: India '/' home [] {"uid":"0f59a06"}
[2016-08-21 16:12:32] slim-app.INFO: India '/' home [] {"uid":"16d59db"}
[2016-08-21 16:12:32] slim-app.INFO: India '/' home [] {"uid":"8ce4977"}
[2016-08-21 16:14:33] slim-app.INFO: India '/' home [] {"uid":"ee72972"}
[2016-08-21 16:14:33] slim-app.INFO: India '/' home [] {"uid":"71e7af5"}
[2016-08-21 16:14:48] slim-app.INFO: India '/' home [] {"uid":"be80c9c"}
[2016-08-21 16:14:48] slim-app.INFO: India '/' home [] {"uid":"bdb34bd"}
[2016-08-21 16:16:13] slim-app.INFO: India '/' home [] {"uid":"3881c23"}
[2016-08-21 16:16:14] slim-app.INFO: India '/' home [] {"uid":"7b84552"}
[2016-08-21 16:16:34] slim-app.INFO: India '/' home [] {"uid":"203b469"}
[2016-08-21 16:16:34] slim-app.INFO: India '/' home [] {"uid":"62676fc"}
[2016-08-21 16:21:47] slim-app.INFO: India '/' home [] {"uid":"818dfaf"}
[2016-08-21 16:21:48] slim-app.INFO: India '/' home [] {"uid":"7cf31ab"}
[2016-08-21 16:22:33] slim-app.INFO: India '/' home [] {"uid":"656711a"}
[2016-08-21 16:22:33] slim-app.INFO: India '/' home [] {"uid":"9585829"}
[2016-08-21 16:24:06] slim-app.INFO: India '/' home [] {"uid":"f6d4abf"}
[2016-08-21 16:24:07] slim-app.INFO: India '/' home [] {"uid":"dc2aae8"}
[2016-08-21 16:24:09] slim-app.INFO: India '/' home [] {"uid":"e1e1912"}
[2016-08-21 16:24:10] slim-app.INFO: India '/' home [] {"uid":"323d0b3"}
[2016-08-21 16:24:10] slim-app.INFO: India '/' home [] {"uid":"874aafb"}
[2016-08-21 16:24:11] slim-app.INFO: India '/' home [] {"uid":"4e6f1cc"}
[2016-08-21 16:24:37] slim-app.INFO: India '/' home [] {"uid":"45f130c"}
[2016-08-21 16:24:38] slim-app.INFO: India '/' home [] {"uid":"c13b972"}
[2016-08-21 16:25:09] slim-app.INFO: India '/' home [] {"uid":"5b79ec9"}
[2016-08-21 16:25:09] slim-app.INFO: India '/' home [] {"uid":"062a240"}
[2016-08-21 16:25:45] slim-app.INFO: India '/' home [] {"uid":"e615ea9"}
[2016-08-21 16:25:45] slim-app.INFO: India '/' home [] {"uid":"004a3b0"}
[2016-08-21 16:26:30] slim-app.INFO: India '/' home [] {"uid":"63be5bb"}
[2016-08-21 16:26:31] slim-app.INFO: India '/' home [] {"uid":"e52aa00"}
[2016-08-21 16:26:35] slim-app.INFO: India '/' home [] {"uid":"8a47ba1"}
[2016-08-21 16:26:35] slim-app.INFO: India '/' home [] {"uid":"2858130"}
[2016-08-21 16:26:40] slim-app.INFO: India '/' home [] {"uid":"4e2525a"}
[2016-08-21 16:26:40] slim-app.INFO: India '/' home [] {"uid":"cf23553"}
[2016-08-21 16:26:40] slim-app.INFO: India '/' home [] {"uid":"78d5563"}
[2016-08-21 16:26:41] slim-app.INFO: India '/' home [] {"uid":"23a2101"}
[2016-08-21 16:26:41] slim-app.INFO: India '/' home [] {"uid":"1e3cfdf"}
[2016-08-21 16:26:41] slim-app.INFO: India '/' home [] {"uid":"0f5a89e"}
[2016-08-21 16:26:41] slim-app.INFO: India '/' home [] {"uid":"c35b5dc"}
[2016-08-21 16:26:41] slim-app.INFO: India '/' home [] {"uid":"3bf2c6a"}
[2016-08-21 16:26:52] slim-app.INFO: India '/' home [] {"uid":"4a4ee66"}
[2016-08-21 16:26:52] slim-app.INFO: India '/' home [] {"uid":"1368e21"}
[2016-08-21 16:27:03] slim-app.INFO: India '/' home [] {"uid":"88060db"}
[2016-08-21 16:27:04] slim-app.INFO: India '/' home [] {"uid":"9b9d731"}
[2016-08-21 16:27:35] slim-app.INFO: India '/' home [] {"uid":"2967f6c"}
[2016-08-21 16:27:35] slim-app.INFO: India '/' home [] {"uid":"0179acb"}
[2016-08-21 16:27:52] slim-app.INFO: India '/' home [] {"uid":"6fb4ff8"}
[2016-08-21 16:27:52] slim-app.INFO: India '/' home [] {"uid":"9ebf0aa"}
[2016-08-21 16:27:53] slim-app.INFO: India '/' home [] {"uid":"69dcd58"}
[2016-08-21 16:27:53] slim-app.INFO: India '/' home [] {"uid":"8b41360"}
[2016-08-21 16:27:59] slim-app.INFO: India '/' home [] {"uid":"6d616aa"}
[2016-08-21 16:27:59] slim-app.INFO: India '/' home [] {"uid":"4a0d562"}
[2016-08-21 16:30:53] slim-app.INFO: India '/' home [] {"uid":"63070a9"}
[2016-08-21 16:30:54] slim-app.INFO: India '/' home [] {"uid":"65acedc"}
[2016-08-21 16:30:57] slim-app.INFO: India '/' home [] {"uid":"1494f3a"}
[2016-08-21 16:30:57] slim-app.INFO: India '/' home [] {"uid":"beac963"}
[2016-08-21 16:31:10] slim-app.INFO: India '/' home [] {"uid":"daf0502"}
[2016-08-21 16:31:10] slim-app.INFO: India '/' home [] {"uid":"d956d3e"}
[2016-08-21 16:31:11] slim-app.INFO: India '/' home [] {"uid":"c695965"}
[2016-08-21 16:31:11] slim-app.INFO: India '/' home [] {"uid":"35e3b8d"}
[2016-08-21 16:31:18] slim-app.INFO: India '/' home [] {"uid":"ff36838"}
[2016-08-21 16:31:18] slim-app.INFO: India '/' home [] {"uid":"31b0dd7"}
[2016-08-21 16:31:19] slim-app.INFO: India '/' home [] {"uid":"b9b4d7e"}
[2016-08-21 16:31:19] slim-app.INFO: India '/' home [] {"uid":"358fd0e"}
[2016-08-21 16:31:30] slim-app.INFO: India '/' home [] {"uid":"55652f3"}
[2016-08-21 16:31:30] slim-app.INFO: India '/' home [] {"uid":"36d5a04"}
[2016-08-21 16:31:50] slim-app.INFO: India '/' home [] {"uid":"fdc7376"}
[2016-08-21 16:31:50] slim-app.INFO: India '/' home [] {"uid":"c39b513"}
[2016-08-21 16:32:08] slim-app.INFO: India '/' home [] {"uid":"407635b"}
[2016-08-21 16:32:08] slim-app.INFO: India '/' home [] {"uid":"784705e"}
[2016-08-21 16:32:28] slim-app.INFO: India '/' home [] {"uid":"368c291"}
[2016-08-21 16:32:28] slim-app.INFO: India '/' home [] {"uid":"9622e0f"}
[2016-08-21 16:35:25] slim-app.INFO: India '/' home [] {"uid":"5f487e1"}
[2016-08-21 16:35:25] slim-app.INFO: India '/' home [] {"uid":"3d98816"}
[2016-08-21 16:36:07] slim-app.INFO: India '/' home [] {"uid":"52c4d65"}
[2016-08-21 16:36:07] slim-app.INFO: India '/' home [] {"uid":"2aff0dd"}
[2016-08-21 16:36:40] slim-app.INFO: India '/' home [] {"uid":"eb3b3f3"}
[2016-08-21 16:36:41] slim-app.INFO: India '/' home [] {"uid":"d902d3d"}
[2016-08-21 16:37:34] slim-app.INFO: India '/' home [] {"uid":"1d330a1"}
[2016-08-21 16:37:34] slim-app.INFO: India '/' home [] {"uid":"63216b0"}
[2016-08-21 16:37:51] slim-app.INFO: India '/' home [] {"uid":"4fd2d72"}
[2016-08-21 16:37:52] slim-app.INFO: India '/' home [] {"uid":"eeb54a6"}
[2016-08-21 16:37:53] slim-app.INFO: India '/' home [] {"uid":"a9ad3c8"}
[2016-08-21 16:37:53] slim-app.INFO: India '/' home [] {"uid":"801beb8"}
[2016-08-21 16:38:11] slim-app.INFO: India '/' home [] {"uid":"43cea1b"}
[2016-08-21 16:38:12] slim-app.INFO: India '/' home [] {"uid":"e056c00"}
[2016-08-21 16:39:13] slim-app.INFO: India '/' home [] {"uid":"fe1fa2c"}
[2016-08-21 16:39:13] slim-app.INFO: India '/' home [] {"uid":"fe8740f"}
[2016-08-21 16:39:16] slim-app.INFO: India '/' home [] {"uid":"d810e1a"}
[2016-08-21 16:39:16] slim-app.INFO: India '/' home [] {"uid":"7d8d29c"}
[2016-08-21 16:39:41] slim-app.INFO: India '/' home [] {"uid":"bfce9bc"}
[2016-08-21 16:39:42] slim-app.INFO: India '/' home [] {"uid":"db8116a"}
[2016-08-21 16:39:55] slim-app.INFO: India '/' home [] {"uid":"e20e572"}
[2016-08-21 16:39:55] slim-app.INFO: India '/' home [] {"uid":"1ad1c9e"}
[2016-08-21 16:39:56] slim-app.INFO: India '/' home [] {"uid":"1fc14c0"}
[2016-08-21 16:39:56] slim-app.INFO: India '/' home [] {"uid":"f4ed657"}
[2016-08-21 16:40:09] slim-app.INFO: India '/' home [] {"uid":"174603b"}
[2016-08-21 16:40:09] slim-app.INFO: India '/' home [] {"uid":"a4353a6"}
[2016-08-21 16:40:37] slim-app.INFO: India '/' home [] {"uid":"2ab8310"}
[2016-08-21 16:40:37] slim-app.INFO: India '/' home [] {"uid":"d952263"}
[2016-08-21 16:40:43] slim-app.INFO: India '/' home [] {"uid":"9527d97"}
[2016-08-21 16:40:43] slim-app.INFO: India '/' home [] {"uid":"02152da"}
[2016-08-21 16:40:49] slim-app.INFO: India '/' home [] {"uid":"be39cb7"}
[2016-08-21 16:40:50] slim-app.INFO: India '/' home [] {"uid":"e8eaf47"}
[2016-08-21 16:41:41] slim-app.INFO: India '/' home [] {"uid":"599714b"}
[2016-08-21 16:41:41] slim-app.INFO: India '/' home [] {"uid":"8441c32"}
[2016-08-21 16:43:13] slim-app.INFO: India '/' home [] {"uid":"47e80d8"}
[2016-08-21 16:43:13] slim-app.INFO: India '/' home [] {"uid":"b507600"}
[2016-08-21 16:43:23] slim-app.INFO: India '/' home [] {"uid":"2b4e2f4"}
[2016-08-21 16:43:23] slim-app.INFO: India '/' home [] {"uid":"6a2cc72"}
[2016-08-21 16:43:34] slim-app.INFO: India '/' home [] {"uid":"0e90299"}
[2016-08-21 16:43:34] slim-app.INFO: India '/' home [] {"uid":"484e08f"}
[2016-08-21 16:44:08] slim-app.INFO: India '/' home [] {"uid":"1ac9b77"}
[2016-08-21 16:44:08] slim-app.INFO: India '/' home [] {"uid":"9d56cca"}
[2016-08-21 16:45:45] slim-app.INFO: India '/' home [] {"uid":"8e441a6"}
[2016-08-21 16:45:45] slim-app.INFO: India '/' home [] {"uid":"12eb259"}
[2016-08-21 16:49:01] slim-app.INFO: India '/' home [] {"uid":"4061fe7"}
[2016-08-21 16:49:01] slim-app.INFO: India '/' home [] {"uid":"22e4c3c"}
[2016-08-21 16:50:10] slim-app.INFO: India '/' home [] {"uid":"8783529"}
[2016-08-21 16:50:10] slim-app.INFO: India '/' home [] {"uid":"669fd96"}
[2016-08-21 16:50:48] slim-app.INFO: India '/' home [] {"uid":"71e0426"}
[2016-08-21 16:50:48] slim-app.INFO: India '/' home [] {"uid":"0423ced"}
[2016-08-21 16:50:58] slim-app.INFO: India '/' home [] {"uid":"6ab0ae4"}
[2016-08-21 16:50:58] slim-app.INFO: India '/' home [] {"uid":"9320ce0"}
[2016-08-21 16:51:02] slim-app.INFO: India '/' home [] {"uid":"f5da401"}
[2016-08-21 16:51:02] slim-app.INFO: India '/' home [] {"uid":"1edc1cf"}
[2016-08-21 16:51:13] slim-app.INFO: India '/' home [] {"uid":"f22413e"}
[2016-08-21 16:51:13] slim-app.INFO: India '/' home [] {"uid":"5a7d3bc"}
[2016-08-21 16:52:35] slim-app.INFO: India '/' home [] {"uid":"702affe"}
[2016-08-21 16:52:35] slim-app.INFO: India '/' home [] {"uid":"9447189"}
[2016-08-21 16:53:20] slim-app.INFO: India '/' home [] {"uid":"49b7baa"}
[2016-08-21 16:53:20] slim-app.INFO: India '/' home [] {"uid":"66c5568"}
[2016-08-21 16:53:56] slim-app.INFO: India '/' home [] {"uid":"4d1d79b"}
[2016-08-21 16:53:57] slim-app.INFO: India '/' home [] {"uid":"4520ab3"}
[2016-08-21 16:54:42] slim-app.INFO: India '/' home [] {"uid":"5e643c8"}
[2016-08-21 16:54:42] slim-app.INFO: India '/' home [] {"uid":"99b806f"}
[2016-08-21 16:55:15] slim-app.INFO: India '/' home [] {"uid":"e29d361"}
[2016-08-21 16:55:15] slim-app.INFO: India '/' home [] {"uid":"a1bf647"}
[2016-08-21 16:55:35] slim-app.INFO: India '/' home [] {"uid":"3d7c083"}
[2016-08-21 16:55:35] slim-app.INFO: India '/' home [] {"uid":"e6e0251"}
[2016-08-21 16:56:03] slim-app.INFO: India '/' home [] {"uid":"36e8535"}
[2016-08-21 16:56:04] slim-app.INFO: India '/' home [] {"uid":"c5cc875"}
[2016-08-21 16:56:53] slim-app.INFO: India '/' home [] {"uid":"34fc128"}
[2016-08-21 16:56:53] slim-app.INFO: India '/' home [] {"uid":"2cab9c2"}
[2016-08-21 16:56:54] slim-app.INFO: India '/' home [] {"uid":"8bbfb61"}
[2016-08-21 16:56:54] slim-app.INFO: India '/' home [] {"uid":"da89cc2"}
[2016-08-21 16:56:55] slim-app.INFO: India '/' home [] {"uid":"2900fa2"}
[2016-08-21 16:56:55] slim-app.INFO: India '/' home [] {"uid":"d3f5cf7"}
[2016-08-21 16:56:56] slim-app.INFO: India '/' home [] {"uid":"2887da8"}
[2016-08-21 16:56:56] slim-app.INFO: India '/' home [] {"uid":"5708001"}
[2016-08-21 16:57:01] slim-app.INFO: India '/' home [] {"uid":"9271284"}
[2016-08-21 16:57:01] slim-app.INFO: India '/' home [] {"uid":"59bd87f"}
[2016-08-21 16:57:24] slim-app.INFO: India '/' home [] {"uid":"f8172da"}
[2016-08-21 16:57:24] slim-app.INFO: India '/' home [] {"uid":"69b5aaa"}
[2016-08-21 16:57:30] slim-app.INFO: India '/' home [] {"uid":"0932b70"}
[2016-08-21 16:57:31] slim-app.INFO: India '/' home [] {"uid":"a9ee243"}
[2016-08-21 16:57:46] slim-app.INFO: India '/' home [] {"uid":"5cfb22e"}
[2016-08-21 16:57:46] slim-app.INFO: India '/' home [] {"uid":"a104fa6"}
[2016-08-21 16:58:56] slim-app.INFO: India '/' home [] {"uid":"33681a7"}
[2016-08-21 16:58:56] slim-app.INFO: India '/' home [] {"uid":"e05b8b7"}
[2016-08-21 16:58:56] slim-app.INFO: India '/' home [] {"uid":"fbbd380"}
[2016-08-21 16:58:57] slim-app.INFO: India '/' home [] {"uid":"4989e62"}
[2016-08-21 17:00:10] slim-app.INFO: India '/' home [] {"uid":"359c7d9"}
[2016-08-21 17:00:11] slim-app.INFO: India '/' home [] {"uid":"b30ce4b"}
[2016-08-21 17:00:11] slim-app.INFO: India '/' home [] {"uid":"22427df"}
[2016-08-21 17:00:11] slim-app.INFO: India '/' home [] {"uid":"d93f2db"}
[2016-08-21 17:00:16] slim-app.INFO: India '/' home [] {"uid":"1f5137b"}
[2016-08-21 17:00:16] slim-app.INFO: India '/' home [] {"uid":"bf49550"}
[2016-08-21 17:00:20] slim-app.INFO: India '/' home [] {"uid":"2ce791b"}
[2016-08-21 17:00:20] slim-app.INFO: India '/' home [] {"uid":"72e8474"}
[2016-08-21 17:00:25] slim-app.INFO: India '/' home [] {"uid":"bd33d7d"}
[2016-08-21 17:00:26] slim-app.INFO: India '/' home [] {"uid":"48d54c7"}
[2016-08-21 17:00:30] slim-app.INFO: India '/' home [] {"uid":"c2acee8"}
[2016-08-21 17:00:30] slim-app.INFO: India '/' home [] {"uid":"6d17f63"}
[2016-08-21 17:00:33] slim-app.INFO: India '/' home [] {"uid":"c1dc83f"}
[2016-08-21 17:00:33] slim-app.INFO: India '/' home [] {"uid":"1e8e701"}
[2016-08-21 17:00:38] slim-app.INFO: India '/' home [] {"uid":"d62716e"}
[2016-08-21 17:00:38] slim-app.INFO: India '/' home [] {"uid":"ba8c59e"}
[2016-08-21 17:00:44] slim-app.INFO: India '/' home [] {"uid":"383858f"}
[2016-08-21 17:00:44] slim-app.INFO: India '/' home [] {"uid":"151cbd5"}
[2016-08-21 17:00:52] slim-app.INFO: India '/' home [] {"uid":"42f06a2"}
[2016-08-21 17:00:52] slim-app.INFO: India '/' home [] {"uid":"39a149a"}
[2016-08-21 17:01:04] slim-app.INFO: India '/' home [] {"uid":"a3460f1"}
[2016-08-21 17:01:04] slim-app.INFO: India '/' home [] {"uid":"c933dc1"}
[2016-08-21 17:01:11] slim-app.INFO: India '/' home [] {"uid":"fa3621d"}
[2016-08-21 17:01:11] slim-app.INFO: India '/' home [] {"uid":"3f92cbd"}
[2016-08-21 17:01:50] slim-app.INFO: India '/' home [] {"uid":"5c6958d"}
[2016-08-21 17:01:51] slim-app.INFO: India '/' home [] {"uid":"c4efcbd"}
[2016-08-21 17:02:14] slim-app.INFO: India '/' home [] {"uid":"196e620"}
[2016-08-21 17:02:14] slim-app.INFO: India '/' home [] {"uid":"c740b90"}
[2016-08-21 17:03:32] slim-app.INFO: India '/' home [] {"uid":"ef6f9eb"}
[2016-08-21 17:03:32] slim-app.INFO: India '/' home [] {"uid":"454a877"}
[2016-08-21 17:03:48] slim-app.INFO: India '/' home [] {"uid":"0cb524b"}
[2016-08-21 17:03:48] slim-app.INFO: India '/' home [] {"uid":"8ed0924"}
[2016-08-21 17:04:04] slim-app.INFO: India '/' home [] {"uid":"5486e67"}
[2016-08-21 17:04:04] slim-app.INFO: India '/' home [] {"uid":"047f367"}
[2016-08-21 17:04:31] slim-app.INFO: India '/' home [] {"uid":"4f986d7"}
[2016-08-21 17:04:31] slim-app.INFO: India '/' home [] {"uid":"2ea9a09"}
[2016-08-21 17:08:14] slim-app.INFO: India '/' home [] {"uid":"abef98b"}
[2016-08-21 17:08:14] slim-app.INFO: India '/' home [] {"uid":"0b3b640"}
[2016-08-21 17:10:52] slim-app.INFO: India '/' home [] {"uid":"8562fb4"}
[2016-08-21 17:10:52] slim-app.INFO: India '/' home [] {"uid":"f3db8db"}
[2016-08-21 17:16:51] slim-app.INFO: India '/' home [] {"uid":"03ef4a4"}
[2016-08-21 17:16:51] slim-app.INFO: India '/' home [] {"uid":"1d1d0cb"}
[2016-08-21 17:19:04] slim-app.INFO: India '/' home [] {"uid":"ae6e127"}
[2016-08-21 17:19:04] slim-app.INFO: India '/' home [] {"uid":"7f02c73"}
[2016-08-21 17:19:05] slim-app.INFO: India '/' home [] {"uid":"1d4a065"}
[2016-08-21 17:19:05] slim-app.INFO: India '/' home [] {"uid":"ca9bf00"}
[2016-08-21 17:19:32] slim-app.INFO: India '/' home [] {"uid":"ea9db8f"}
[2016-08-21 17:19:32] slim-app.INFO: India '/' home [] {"uid":"8bfd07d"}
[2016-08-21 17:19:42] slim-app.INFO: India '/' home [] {"uid":"7b78abd"}
[2016-08-21 17:19:42] slim-app.INFO: India '/' home [] {"uid":"1d850a5"}
[2016-08-21 17:19:56] slim-app.INFO: India '/' home [] {"uid":"976df68"}
[2016-08-21 17:19:56] slim-app.INFO: India '/' home [] {"uid":"cf9e4ac"}
[2016-08-21 17:20:37] slim-app.INFO: India '/' home [] {"uid":"bffcb31"}
[2016-08-21 17:20:38] slim-app.INFO: India '/' home [] {"uid":"60def17"}
[2016-08-21 17:20:52] slim-app.INFO: India '/' home [] {"uid":"98c86a7"}
[2016-08-21 17:20:53] slim-app.INFO: India '/' home [] {"uid":"2dd2005"}
[2016-08-21 17:21:49] slim-app.INFO: India '/' home [] {"uid":"9c5f0f3"}
[2016-08-21 17:21:49] slim-app.INFO: India '/' home [] {"uid":"4836eaf"}
[2016-08-21 17:29:41] slim-app.INFO: India '/' home [] {"uid":"31afbb9"}
[2016-08-21 17:29:41] slim-app.INFO: India '/' home [] {"uid":"0974483"}
[2016-08-21 17:29:42] slim-app.INFO: India '/' home [] {"uid":"79aba83"}
[2016-08-21 17:29:42] slim-app.INFO: India '/' home [] {"uid":"4448582"}
[2016-08-21 17:32:27] slim-app.INFO: India '/' home [] {"uid":"cadfe20"}
[2016-08-21 17:32:27] slim-app.INFO: India '/' home [] {"uid":"ba90836"}
[2016-08-21 17:35:37] slim-app.INFO: India '/' home [] {"uid":"73379f7"}
[2016-08-21 17:35:37] slim-app.INFO: India '/' home [] {"uid":"e24ffae"}
[2016-08-21 17:36:10] slim-app.INFO: India '/' home [] {"uid":"7510d6b"}
[2016-08-21 17:36:10] slim-app.INFO: India '/' home [] {"uid":"4facb4b"}
[2016-08-21 17:36:21] slim-app.INFO: India '/' home [] {"uid":"bde140d"}
[2016-08-21 17:36:21] slim-app.INFO: India '/' home [] {"uid":"f7e465f"}
[2016-08-21 17:37:05] slim-app.INFO: India '/' home [] {"uid":"0db38f8"}
[2016-08-21 17:37:05] slim-app.INFO: India '/' home [] {"uid":"9a6e3fc"}
[2016-08-21 17:46:23] slim-app.INFO: India '/' home [] {"uid":"1a09361"}
[2016-08-21 17:46:24] slim-app.INFO: India '/' home [] {"uid":"39d9b0a"}
[2016-08-21 17:46:25] slim-app.INFO: India '/' home [] {"uid":"8ca3e66"}
[2016-08-21 17:46:25] slim-app.INFO: India '/' home [] {"uid":"4761c7e"}
[2016-08-21 17:46:28] slim-app.INFO: India '/' home [] {"uid":"6aaa197"}
[2016-08-21 17:46:28] slim-app.INFO: India '/' home [] {"uid":"fcf8e26"}
[2016-08-21 17:46:44] slim-app.INFO: India '/' home [] {"uid":"4c4d5d4"}
[2016-08-21 17:46:44] slim-app.INFO: India '/' home [] {"uid":"7817f66"}
[2016-08-21 17:55:41] slim-app.INFO: India '/' home [] {"uid":"d602074"}
[2016-08-21 17:55:43] slim-app.INFO: India '/' home [] {"uid":"fb76c2a"}
[2016-08-21 18:31:31] slim-app.INFO: India '/' home [] {"uid":"2ea354e"}
[2016-08-21 18:31:32] slim-app.INFO: India '/' home [] {"uid":"179d300"}
[2016-08-21 18:32:09] slim-app.INFO: India '/' home [] {"uid":"45e2821"}
[2016-08-21 18:32:09] slim-app.INFO: India '/' home [] {"uid":"975b26c"}
[2016-08-21 18:34:59] slim-app.INFO: India '/' home [] {"uid":"a3cc107"}
[2016-08-21 18:34:59] slim-app.INFO: India '/' home [] {"uid":"191672c"}
[2016-08-21 18:35:38] slim-app.INFO: India '/' home [] {"uid":"ec12902"}
[2016-08-21 18:35:38] slim-app.INFO: India '/' home [] {"uid":"03678da"}
[2016-08-21 18:35:40] slim-app.INFO: India '/' home [] {"uid":"725a3bd"}
[2016-08-21 18:35:40] slim-app.INFO: India '/' home [] {"uid":"8a9f1ed"}
[2016-08-21 18:36:09] slim-app.INFO: India '/' home [] {"uid":"9fff27c"}
[2016-08-21 18:36:10] slim-app.INFO: India '/' home [] {"uid":"bbab920"}
[2016-08-21 18:37:00] slim-app.INFO: India '/' home [] {"uid":"70dad67"}
[2016-08-21 18:37:01] slim-app.INFO: India '/' home [] {"uid":"ecdf84b"}
[2016-08-21 18:37:05] slim-app.INFO: India '/' home [] {"uid":"8c63cea"}
[2016-08-21 18:37:06] slim-app.INFO: India '/' home [] {"uid":"581fb3d"}
[2016-08-21 18:37:15] slim-app.INFO: India '/' home [] {"uid":"430c25e"}
[2016-08-21 18:37:15] slim-app.INFO: India '/' home [] {"uid":"f722f79"}
[2016-08-21 18:48:13] slim-app.INFO: India '/' home [] {"uid":"2079b99"}
[2016-08-21 18:48:14] slim-app.INFO: India '/' home [] {"uid":"9cd3090"}
[2016-08-21 18:48:16] slim-app.INFO: India '/' home [] {"uid":"ff724d7"}
[2016-08-21 18:48:22] slim-app.INFO: India '/' home [] {"uid":"12e3c6f"}
[2016-08-21 18:48:22] slim-app.INFO: India '/' home [] {"uid":"6e9b253"}
[2016-08-21 20:39:06] slim-app.INFO: India '/' home [] {"uid":"10270ff"}
[2016-08-21 20:39:07] slim-app.INFO: India '/' home [] {"uid":"5563615"}
[2016-08-21 20:41:04] slim-app.INFO: India '/' home [] {"uid":"e58f3a3"}
[2016-08-21 20:41:04] slim-app.INFO: India '/' home [] {"uid":"8aafe01"}
[2016-08-21 20:41:12] slim-app.INFO: India '/' home [] {"uid":"6029ffc"}
[2016-08-21 20:41:12] slim-app.INFO: India '/' home [] {"uid":"2f8ca03"}
[2016-08-21 20:42:45] slim-app.INFO: India '/' home [] {"uid":"718ddb1"}
[2016-08-21 20:42:46] slim-app.INFO: India '/' home [] {"uid":"4ab27af"}
[2016-08-21 20:47:41] slim-app.INFO: India '/' home [] {"uid":"1ac3998"}
[2016-08-21 20:47:42] slim-app.INFO: India '/' home [] {"uid":"cf9ae59"}
[2016-08-21 20:47:56] slim-app.INFO: India '/' home [] {"uid":"30c6e24"}
[2016-08-21 20:47:56] slim-app.INFO: India '/' home [] {"uid":"e628082"}
[2016-08-21 20:48:09] slim-app.INFO: India '/' home [] {"uid":"1bbb4c3"}
[2016-08-21 20:48:09] slim-app.INFO: India '/' home [] {"uid":"b6f1420"}
[2016-08-21 20:50:22] slim-app.INFO: India '/' home [] {"uid":"909d534"}
[2016-08-21 20:50:22] slim-app.INFO: India '/' home [] {"uid":"8929752"}
[2016-08-21 20:53:30] slim-app.INFO: India '/' home [] {"uid":"ef4b938"}
[2016-08-21 20:53:31] slim-app.INFO: India '/' home [] {"uid":"747b03f"}
[2016-08-21 20:55:05] slim-app.INFO: India '/' home [] {"uid":"a78c242"}
[2016-08-21 20:55:05] slim-app.INFO: India '/' home [] {"uid":"df8fb14"}
[2016-08-21 20:55:30] slim-app.INFO: India '/' home [] {"uid":"eca5de6"}
[2016-08-21 20:55:30] slim-app.INFO: India '/' home [] {"uid":"f86abb8"}
[2016-08-21 20:57:21] slim-app.INFO: India '/' home [] {"uid":"31c4652"}
[2016-08-21 20:57:21] slim-app.INFO: India '/' home [] {"uid":"14a07b5"}
[2016-08-21 20:58:28] slim-app.INFO: India '/' home [] {"uid":"47075fd"}
[2016-08-21 20:58:28] slim-app.INFO: India '/' home [] {"uid":"b1617a9"}
[2016-08-21 20:59:22] slim-app.INFO: India '/' home [] {"uid":"ca5fb12"}
[2016-08-21 20:59:22] slim-app.INFO: India '/' home [] {"uid":"6cac4b4"}
[2016-08-21 20:59:35] slim-app.INFO: India '/' home [] {"uid":"1939fc0"}
[2016-08-21 20:59:35] slim-app.INFO: India '/' home [] {"uid":"020b7cb"}
[2016-08-21 21:00:16] slim-app.INFO: India '/' home [] {"uid":"9d6964d"}
[2016-08-21 21:00:16] slim-app.INFO: India '/' home [] {"uid":"5ead528"}
[2016-08-21 21:00:45] slim-app.INFO: India '/' home [] {"uid":"6c9e81e"}
[2016-08-21 21:00:45] slim-app.INFO: India '/' home [] {"uid":"9b9a541"}
[2016-08-21 21:06:45] slim-app.INFO: India '/' home [] {"uid":"fd83548"}
[2016-08-21 21:06:45] slim-app.INFO: India '/' home [] {"uid":"af7dc22"}
[2016-08-21 21:58:29] slim-app.INFO: India '/' home [] {"uid":"b9d3a5a"}
[2016-08-21 21:58:29] slim-app.INFO: India '/' home [] {"uid":"6b20999"}
[2016-08-21 21:59:09] slim-app.INFO: India '/' home [] {"uid":"74144c3"}
[2016-08-21 21:59:10] slim-app.INFO: India '/' home [] {"uid":"254d0b8"}
[2016-08-21 21:59:47] slim-app.INFO: India '/' home [] {"uid":"29ca791"}
[2016-08-21 21:59:48] slim-app.INFO: India '/' home [] {"uid":"5f0f6da"}
[2016-08-21 21:59:54] slim-app.INFO: India '/' home [] {"uid":"796ef90"}
[2016-08-21 21:59:54] slim-app.INFO: India '/' home [] {"uid":"edc7145"}
[2016-08-21 22:00:43] slim-app.INFO: India '/' home [] {"uid":"2e1e4e0"}
[2016-08-21 22:00:44] slim-app.INFO: India '/' home [] {"uid":"a2b8d36"}
[2016-08-21 22:01:12] slim-app.INFO: India '/' home [] {"uid":"a8e6d27"}
[2016-08-21 22:01:12] slim-app.INFO: India '/' home [] {"uid":"98fba39"}
[2016-08-21 22:01:55] slim-app.INFO: India '/' home [] {"uid":"cb0b30e"}
[2016-08-21 22:01:55] slim-app.INFO: India '/' home [] {"uid":"51ca31e"}
[2016-08-21 22:02:53] slim-app.INFO: India '/' home [] {"uid":"d6a27e2"}
[2016-08-21 22:02:54] slim-app.INFO: India '/' home [] {"uid":"2b8196f"}
[2016-08-21 22:03:56] slim-app.INFO: India '/' home [] {"uid":"db37e68"}
[2016-08-21 22:03:56] slim-app.INFO: India '/' home [] {"uid":"27c3e8f"}
[2016-08-21 22:04:55] slim-app.INFO: India '/' home [] {"uid":"e07425e"}
[2016-08-21 22:04:55] slim-app.INFO: India '/' home [] {"uid":"7e6fc55"}
[2016-08-22 10:26:44] slim-app.INFO: India '/' home [] {"uid":"5a6be94"}
[2016-08-22 10:26:44] slim-app.INFO: India '/' home [] {"uid":"5b92495"}
[2016-08-22 10:37:31] slim-app.INFO: India '/' home [] {"uid":"5806a3d"}
[2016-08-22 10:37:31] slim-app.INFO: India '/' home [] {"uid":"d4ef9a7"}
[2016-08-22 10:38:01] slim-app.INFO: India '/' home [] {"uid":"f1970e1"}
[2016-08-22 10:38:01] slim-app.INFO: India '/' home [] {"uid":"9275a73"}
[2016-08-22 10:38:26] slim-app.INFO: India '/' home [] {"uid":"49db7e0"}
[2016-08-22 10:38:26] slim-app.INFO: India '/' home [] {"uid":"6e00270"}
[2016-08-22 10:38:47] slim-app.INFO: India '/' home [] {"uid":"1bc9c5b"}
[2016-08-22 10:38:47] slim-app.INFO: India '/' home [] {"uid":"cca65f9"}
[2016-08-22 10:39:00] slim-app.INFO: India '/' home [] {"uid":"a361c59"}
[2016-08-22 10:39:00] slim-app.INFO: India '/' home [] {"uid":"e1203e1"}
[2016-08-22 10:39:13] slim-app.INFO: India '/' home [] {"uid":"c1457bc"}
[2016-08-22 10:39:13] slim-app.INFO: India '/' home [] {"uid":"05d1e47"}
[2016-08-22 10:39:35] slim-app.INFO: India '/' home [] {"uid":"9a75ac1"}
[2016-08-22 10:39:36] slim-app.INFO: India '/' home [] {"uid":"a866bcb"}
[2016-08-22 10:39:49] slim-app.INFO: India '/' home [] {"uid":"5271dab"}
[2016-08-22 10:39:49] slim-app.INFO: India '/' home [] {"uid":"fa2c1cb"}
[2016-08-22 10:40:02] slim-app.INFO: India '/' home [] {"uid":"fb506a0"}
[2016-08-22 10:40:03] slim-app.INFO: India '/' home [] {"uid":"84963c4"}
[2016-08-22 10:40:11] slim-app.INFO: India '/' home [] {"uid":"9cda53f"}
[2016-08-22 10:40:11] slim-app.INFO: India '/' home [] {"uid":"b9813ac"}
[2016-08-22 10:40:17] slim-app.INFO: India '/' home [] {"uid":"c8cd1ce"}
[2016-08-22 10:40:18] slim-app.INFO: India '/' home [] {"uid":"81f49cb"}
[2016-08-22 10:40:51] slim-app.INFO: India '/' home [] {"uid":"b5445e2"}
[2016-08-22 10:40:51] slim-app.INFO: India '/' home [] {"uid":"c6cde69"}
[2016-08-22 10:41:03] slim-app.INFO: India '/' home [] {"uid":"bf10e6a"}
[2016-08-22 10:41:04] slim-app.INFO: India '/' home [] {"uid":"c53c4c1"}
[2016-08-22 10:41:18] slim-app.INFO: India '/' home [] {"uid":"c14e10b"}
[2016-08-22 10:41:19] slim-app.INFO: India '/' home [] {"uid":"c5ab7ee"}
[2016-08-22 10:41:40] slim-app.INFO: India '/' home [] {"uid":"9ed4a9f"}
[2016-08-22 10:41:40] slim-app.INFO: India '/' home [] {"uid":"e477ba2"}
[2016-08-22 10:41:46] slim-app.INFO: India '/' home [] {"uid":"a0c308f"}
[2016-08-22 10:41:47] slim-app.INFO: India '/' home [] {"uid":"7c77ec4"}
[2016-08-22 10:43:01] slim-app.INFO: India '/' home [] {"uid":"8f77715"}
[2016-08-22 10:43:02] slim-app.INFO: India '/' home [] {"uid":"10a745d"}
[2016-08-22 10:43:25] slim-app.INFO: India '/' home [] {"uid":"a5d5098"}
[2016-08-22 10:43:25] slim-app.INFO: India '/' home [] {"uid":"bd26e8b"}
[2016-08-22 10:47:32] slim-app.INFO: India '/' home [] {"uid":"2c9cc70"}
[2016-08-22 10:47:32] slim-app.INFO: India '/' home [] {"uid":"812bb57"}
[2016-08-22 10:47:57] slim-app.INFO: India '/' home [] {"uid":"050a20e"}
[2016-08-22 10:47:58] slim-app.INFO: India '/' home [] {"uid":"4c790ac"}
[2016-08-22 10:48:19] slim-app.INFO: India '/' home [] {"uid":"c0afba2"}
[2016-08-22 10:48:20] slim-app.INFO: India '/' home [] {"uid":"bfc6c4e"}
[2016-08-22 10:48:51] slim-app.INFO: India '/' home [] {"uid":"d854b94"}
[2016-08-22 10:48:52] slim-app.INFO: India '/' home [] {"uid":"b6d0a00"}
[2016-08-22 10:49:12] slim-app.INFO: India '/' home [] {"uid":"9fc79d7"}
[2016-08-22 10:49:12] slim-app.INFO: India '/' home [] {"uid":"d6bc035"}
[2016-08-22 10:49:13] slim-app.INFO: India '/' home [] {"uid":"8db293d"}
[2016-08-22 10:49:13] slim-app.INFO: India '/' home [] {"uid":"f77516b"}
[2016-08-22 10:49:23] slim-app.INFO: India '/' home [] {"uid":"f06b3db"}
[2016-08-22 10:49:23] slim-app.INFO: India '/' home [] {"uid":"4b49842"}
[2016-08-22 10:49:29] slim-app.INFO: India '/' home [] {"uid":"6608fdd"}
[2016-08-22 10:49:30] slim-app.INFO: India '/' home [] {"uid":"04029f8"}
[2016-08-22 10:49:43] slim-app.INFO: India '/' home [] {"uid":"9640f76"}
[2016-08-22 10:49:43] slim-app.INFO: India '/' home [] {"uid":"dbe8553"}
[2016-08-22 10:49:55] slim-app.INFO: India '/' home [] {"uid":"1e51ce5"}
[2016-08-22 10:49:56] slim-app.INFO: India '/' home [] {"uid":"9d8604d"}
[2016-08-22 10:50:30] slim-app.INFO: India '/' home [] {"uid":"ccc3e99"}
[2016-08-22 10:50:30] slim-app.INFO: India '/' home [] {"uid":"bdaec85"}
[2016-08-22 10:50:31] slim-app.INFO: India '/' home [] {"uid":"cc82957"}
[2016-08-22 10:50:32] slim-app.INFO: India '/' home [] {"uid":"f026221"}
[2016-08-22 10:50:57] slim-app.INFO: India '/' home [] {"uid":"9e146af"}
[2016-08-22 10:50:57] slim-app.INFO: India '/' home [] {"uid":"676554e"}
[2016-08-22 10:51:02] slim-app.INFO: India '/' home [] {"uid":"05d8daf"}
[2016-08-22 10:51:02] slim-app.INFO: India '/' home [] {"uid":"687f24c"}
[2016-08-22 10:51:27] slim-app.INFO: India '/' home [] {"uid":"0728499"}
[2016-08-22 10:51:27] slim-app.INFO: India '/' home [] {"uid":"067c1e4"}
[2016-08-22 10:52:11] slim-app.INFO: India '/' home [] {"uid":"78e4ba3"}
[2016-08-22 10:52:12] slim-app.INFO: India '/' home [] {"uid":"66c684a"}
[2016-08-22 10:53:25] slim-app.INFO: India '/' home [] {"uid":"2e40af1"}
[2016-08-22 10:53:25] slim-app.INFO: India '/' home [] {"uid":"60025f4"}
[2016-08-22 10:53:34] slim-app.INFO: India '/' home [] {"uid":"6c42982"}
[2016-08-22 10:53:34] slim-app.INFO: India '/' home [] {"uid":"2fbd97c"}
[2016-08-22 10:54:16] slim-app.INFO: India '/' home [] {"uid":"d79b18a"}
[2016-08-22 10:54:17] slim-app.INFO: India '/' home [] {"uid":"48f2fc2"}
[2016-08-22 10:55:22] slim-app.INFO: India '/' home [] {"uid":"662e869"}
[2016-08-22 10:55:23] slim-app.INFO: India '/' home [] {"uid":"1c3c667"}
[2016-08-22 10:56:59] slim-app.INFO: India '/' home [] {"uid":"7d21936"}
[2016-08-22 10:57:00] slim-app.INFO: India '/' home [] {"uid":"9dac1b2"}
[2016-08-22 10:57:25] slim-app.INFO: India '/' home [] {"uid":"ab2bed1"}
[2016-08-22 10:57:25] slim-app.INFO: India '/' home [] {"uid":"154bf24"}
[2016-08-22 10:57:59] slim-app.INFO: India '/' home [] {"uid":"0874371"}
[2016-08-22 10:57:59] slim-app.INFO: India '/' home [] {"uid":"6e724fa"}
[2016-08-22 10:58:13] slim-app.INFO: India '/' home [] {"uid":"46a1e63"}
[2016-08-22 10:58:13] slim-app.INFO: India '/' home [] {"uid":"a66a643"}
[2016-08-22 10:58:18] slim-app.INFO: India '/' home [] {"uid":"2dee5f9"}
[2016-08-22 10:58:19] slim-app.INFO: India '/' home [] {"uid":"9347b6c"}
[2016-08-22 10:58:30] slim-app.INFO: India '/' home [] {"uid":"1a18933"}
[2016-08-22 10:58:30] slim-app.INFO: India '/' home [] {"uid":"a6dfa59"}
[2016-08-22 10:58:52] slim-app.INFO: India '/' home [] {"uid":"e8207aa"}
[2016-08-22 10:58:53] slim-app.INFO: India '/' home [] {"uid":"b3da546"}
[2016-08-22 10:59:26] slim-app.INFO: India '/' home [] {"uid":"1cd9860"}
[2016-08-22 10:59:27] slim-app.INFO: India '/' home [] {"uid":"4e67e10"}
[2016-08-22 10:59:47] slim-app.INFO: India '/' home [] {"uid":"49eb554"}
[2016-08-22 10:59:47] slim-app.INFO: India '/' home [] {"uid":"c908073"}
[2016-08-22 11:00:44] slim-app.INFO: India '/' home [] {"uid":"0badf5d"}
[2016-08-22 11:00:44] slim-app.INFO: India '/' home [] {"uid":"2bbc808"}
[2016-08-22 11:03:36] slim-app.INFO: India '/' home [] {"uid":"f56afea"}
[2016-08-22 11:03:37] slim-app.INFO: India '/' home [] {"uid":"8961480"}
[2016-08-22 11:04:23] slim-app.INFO: India '/' home [] {"uid":"71d2576"}
[2016-08-22 11:04:23] slim-app.INFO: India '/' home [] {"uid":"b507e8a"}
[2016-08-22 11:04:55] slim-app.INFO: India '/' home [] {"uid":"066f8a4"}
[2016-08-22 11:04:55] slim-app.INFO: India '/' home [] {"uid":"c724cb3"}
[2016-08-22 11:06:07] slim-app.INFO: India '/' home [] {"uid":"a4963ac"}
[2016-08-22 11:06:08] slim-app.INFO: India '/' home [] {"uid":"3b335ce"}
[2016-08-22 11:07:31] slim-app.INFO: India '/' home [] {"uid":"4f99d9e"}
[2016-08-22 11:07:31] slim-app.INFO: India '/' home [] {"uid":"80365a9"}
[2016-08-22 11:08:00] slim-app.INFO: India '/' home [] {"uid":"ff5e11e"}
[2016-08-22 11:08:00] slim-app.INFO: India '/' home [] {"uid":"cfb41e8"}
[2016-08-22 11:09:56] slim-app.INFO: India '/' home [] {"uid":"0e8a783"}
[2016-08-22 11:09:56] slim-app.INFO: India '/' home [] {"uid":"758dedd"}
[2016-08-22 11:10:24] slim-app.INFO: India '/' home [] {"uid":"afd0b18"}
[2016-08-22 11:10:24] slim-app.INFO: India '/' home [] {"uid":"b9af2d2"}
[2016-08-22 11:10:52] slim-app.INFO: India '/' home [] {"uid":"2375fcc"}
[2016-08-22 11:10:52] slim-app.INFO: India '/' home [] {"uid":"57fe2cb"}
[2016-08-22 11:11:00] slim-app.INFO: India '/' home [] {"uid":"f98fc03"}
[2016-08-22 11:11:01] slim-app.INFO: India '/' home [] {"uid":"02c03a1"}
[2016-08-22 11:11:30] slim-app.INFO: India '/' home [] {"uid":"d24a1eb"}
[2016-08-22 11:11:31] slim-app.INFO: India '/' home [] {"uid":"f3eaf34"}
[2016-08-22 11:11:58] slim-app.INFO: India '/' home [] {"uid":"aee6900"}
[2016-08-22 11:11:58] slim-app.INFO: India '/' home [] {"uid":"aeb1053"}
[2016-08-22 11:12:16] slim-app.INFO: India '/' home [] {"uid":"246322f"}
[2016-08-22 11:12:17] slim-app.INFO: India '/' home [] {"uid":"c0f907c"}
[2016-08-22 11:19:42] slim-app.INFO: India '/' home [] {"uid":"643886c"}
[2016-08-22 11:19:42] slim-app.INFO: India '/' home [] {"uid":"0a45426"}
[2016-08-22 11:20:26] slim-app.INFO: India '/' home [] {"uid":"e81ee40"}
[2016-08-22 11:20:26] slim-app.INFO: India '/' home [] {"uid":"b7ad2fc"}
[2016-08-22 11:20:42] slim-app.INFO: India '/' home [] {"uid":"4ad73d5"}
[2016-08-22 11:20:43] slim-app.INFO: India '/' home [] {"uid":"d6e7fc8"}
[2016-08-22 11:23:12] slim-app.INFO: India '/' home [] {"uid":"9b80fa2"}
[2016-08-22 11:23:13] slim-app.INFO: India '/' home [] {"uid":"422c141"}
[2016-08-22 11:23:30] slim-app.INFO: India '/' home [] {"uid":"da93674"}
[2016-08-22 11:23:30] slim-app.INFO: India '/' home [] {"uid":"f623325"}
[2016-08-22 11:25:43] slim-app.INFO: India '/' home [] {"uid":"feb75b5"}
[2016-08-22 11:25:43] slim-app.INFO: India '/' home [] {"uid":"06f3a7c"}
[2016-08-22 11:26:04] slim-app.INFO: India '/' home [] {"uid":"d9e2179"}
[2016-08-22 11:26:04] slim-app.INFO: India '/' home [] {"uid":"a3f2e3e"}
[2016-08-22 11:27:02] slim-app.INFO: India '/' home [] {"uid":"af03b31"}
[2016-08-22 11:27:03] slim-app.INFO: India '/' home [] {"uid":"df99c44"}
[2016-08-22 11:27:30] slim-app.INFO: India '/' home [] {"uid":"0892607"}
[2016-08-22 11:27:30] slim-app.INFO: India '/' home [] {"uid":"ac6f143"}
[2016-08-22 11:28:27] slim-app.INFO: India '/' home [] {"uid":"ad06746"}
[2016-08-22 11:28:28] slim-app.INFO: India '/' home [] {"uid":"9e8518c"}
[2016-08-22 11:28:46] slim-app.INFO: India '/' home [] {"uid":"511bc03"}
[2016-08-22 11:28:46] slim-app.INFO: India '/' home [] {"uid":"cad5d9b"}
[2016-08-22 11:29:43] slim-app.INFO: India '/' home [] {"uid":"fd1f470"}
[2016-08-22 11:29:43] slim-app.INFO: India '/' home [] {"uid":"8a29ae2"}
[2016-08-22 11:30:39] slim-app.INFO: India '/' home [] {"uid":"f5978dd"}
[2016-08-22 11:30:40] slim-app.INFO: India '/' home [] {"uid":"2a4eb6f"}
[2016-08-22 11:31:13] slim-app.INFO: India '/' home [] {"uid":"6597d49"}
[2016-08-22 11:31:14] slim-app.INFO: India '/' home [] {"uid":"28eb192"}
[2016-08-22 11:31:37] slim-app.INFO: India '/' home [] {"uid":"d5bfcec"}
[2016-08-22 11:31:38] slim-app.INFO: India '/' home [] {"uid":"517a9a2"}
[2016-08-22 11:31:59] slim-app.INFO: India '/' home [] {"uid":"57a08e4"}
[2016-08-22 11:31:59] slim-app.INFO: India '/' home [] {"uid":"e798e12"}
[2016-08-22 11:32:20] slim-app.INFO: India '/' home [] {"uid":"9481bf2"}
[2016-08-22 11:32:21] slim-app.INFO: India '/' home [] {"uid":"341c224"}
[2016-08-22 11:32:53] slim-app.INFO: India '/' home [] {"uid":"b707da1"}
[2016-08-22 11:32:53] slim-app.INFO: India '/' home [] {"uid":"6905b51"}
[2016-08-22 11:33:03] slim-app.INFO: India '/' home [] {"uid":"cd482cd"}
[2016-08-22 11:33:03] slim-app.INFO: India '/' home [] {"uid":"a3de242"}
[2016-08-22 11:39:02] slim-app.INFO: India '/' home [] {"uid":"5d3aec6"}
[2016-08-22 11:39:03] slim-app.INFO: India '/' home [] {"uid":"8b4f4c3"}
[2016-08-22 11:39:14] slim-app.INFO: India '/' home [] {"uid":"7d2973b"}
[2016-08-22 11:39:14] slim-app.INFO: India '/' home [] {"uid":"ccfe00a"}
[2016-08-22 11:39:31] slim-app.INFO: India '/' home [] {"uid":"9d93716"}
[2016-08-22 11:39:32] slim-app.INFO: India '/' home [] {"uid":"620efc9"}
[2016-08-22 11:42:22] slim-app.INFO: India '/' home [] {"uid":"3f100bf"}
[2016-08-22 11:42:22] slim-app.INFO: India '/' home [] {"uid":"a42c923"}
[2016-08-22 11:43:39] slim-app.INFO: India '/' home [] {"uid":"504d24b"}
[2016-08-22 11:43:39] slim-app.INFO: India '/' home [] {"uid":"6bf97ed"}
[2016-08-22 11:43:57] slim-app.INFO: India '/' home [] {"uid":"fed6fbd"}
[2016-08-22 11:43:58] slim-app.INFO: India '/' home [] {"uid":"749cb95"}
[2016-08-22 11:44:24] slim-app.INFO: India '/' home [] {"uid":"eaa2b40"}
[2016-08-22 11:44:24] slim-app.INFO: India '/' home [] {"uid":"0c4e0b1"}
[2016-08-22 11:45:08] slim-app.INFO: India '/' home [] {"uid":"aaca492"}
[2016-08-22 11:45:08] slim-app.INFO: India '/' home [] {"uid":"e10d77a"}
[2016-08-22 11:45:35] slim-app.INFO: India '/' home [] {"uid":"6ed1c92"}
[2016-08-22 11:45:35] slim-app.INFO: India '/' home [] {"uid":"380ebc7"}
[2016-08-22 11:46:04] slim-app.INFO: India '/' home [] {"uid":"f80b5f2"}
[2016-08-22 11:46:05] slim-app.INFO: India '/' home [] {"uid":"e4736c7"}
[2016-08-22 11:47:55] slim-app.INFO: India '/' home [] {"uid":"982bc3e"}
[2016-08-22 11:47:55] slim-app.INFO: India '/' home [] {"uid":"600a4d2"}
[2016-08-22 11:48:21] slim-app.INFO: India '/' home [] {"uid":"d304be8"}
[2016-08-22 11:48:21] slim-app.INFO: India '/' home [] {"uid":"b84004b"}
[2016-08-22 11:49:45] slim-app.INFO: India '/' home [] {"uid":"4628a34"}
[2016-08-22 11:49:46] slim-app.INFO: India '/' home [] {"uid":"7708e96"}
[2016-08-22 11:50:26] slim-app.INFO: India '/' home [] {"uid":"23f1e4a"}
[2016-08-22 11:50:26] slim-app.INFO: India '/' home [] {"uid":"c68c645"}
[2016-08-22 11:50:41] slim-app.INFO: India '/' home [] {"uid":"f97f62f"}
[2016-08-22 11:50:41] slim-app.INFO: India '/' home [] {"uid":"c70a326"}
[2016-08-22 11:50:57] slim-app.INFO: India '/' home [] {"uid":"93a6c03"}
[2016-08-22 11:50:58] slim-app.INFO: India '/' home [] {"uid":"b458fb5"}
[2016-08-22 11:51:11] slim-app.INFO: India '/' home [] {"uid":"a26fd08"}
[2016-08-22 11:51:12] slim-app.INFO: India '/' home [] {"uid":"1b82b37"}
[2016-08-22 11:51:34] slim-app.INFO: India '/' home [] {"uid":"b153365"}
[2016-08-22 11:51:34] slim-app.INFO: India '/' home [] {"uid":"34902c6"}
[2016-08-22 11:51:55] slim-app.INFO: India '/' home [] {"uid":"87f478c"}
[2016-08-22 11:51:55] slim-app.INFO: India '/' home [] {"uid":"03576f5"}
[2016-08-22 11:52:28] slim-app.INFO: India '/' home [] {"uid":"0bc236d"}
[2016-08-22 11:52:29] slim-app.INFO: India '/' home [] {"uid":"7cf31b2"}
[2016-08-22 11:53:06] slim-app.INFO: India '/' home [] {"uid":"13a7850"}
[2016-08-22 11:53:06] slim-app.INFO: India '/' home [] {"uid":"e58a487"}
[2016-08-22 11:53:39] slim-app.INFO: India '/' home [] {"uid":"28052af"}
[2016-08-22 11:53:39] slim-app.INFO: India '/' home [] {"uid":"a24b248"}
[2016-08-22 11:54:00] slim-app.INFO: India '/' home [] {"uid":"478fbfb"}
[2016-08-22 11:54:00] slim-app.INFO: India '/' home [] {"uid":"09f42cf"}
[2016-08-22 11:55:48] slim-app.INFO: India '/' home [] {"uid":"cd7d56f"}
[2016-08-22 11:55:49] slim-app.INFO: India '/' home [] {"uid":"fa45710"}
[2016-08-22 11:56:08] slim-app.INFO: India '/' home [] {"uid":"22b11e6"}
[2016-08-22 11:56:08] slim-app.INFO: India '/' home [] {"uid":"c08356f"}
[2016-08-22 11:56:30] slim-app.INFO: India '/' home [] {"uid":"883834e"}
[2016-08-22 11:56:30] slim-app.INFO: India '/' home [] {"uid":"a5a4d18"}
[2016-08-22 11:56:50] slim-app.INFO: India '/' home [] {"uid":"3246202"}
[2016-08-22 11:56:50] slim-app.INFO: India '/' home [] {"uid":"349f984"}
[2016-08-22 12:21:30] slim-app.INFO: India '/' home [] {"uid":"65ea28d"}
[2016-08-22 12:21:30] slim-app.INFO: India '/' home [] {"uid":"1833d3c"}
[2016-08-22 12:50:06] slim-app.INFO: India '/' home [] {"uid":"49be75e"}
[2016-08-22 12:50:06] slim-app.INFO: India '/' home [] {"uid":"b75ff64"}
[2016-08-22 12:50:36] slim-app.INFO: India '/' home [] {"uid":"dd49fce"}
[2016-08-22 12:50:36] slim-app.INFO: India '/' home [] {"uid":"0c69afd"}
[2016-08-22 12:51:08] slim-app.INFO: India '/' home [] {"uid":"8625eff"}
[2016-08-22 12:51:09] slim-app.INFO: India '/' home [] {"uid":"74f24f6"}
[2016-08-22 12:51:53] slim-app.INFO: India '/' home [] {"uid":"f81fd32"}
[2016-08-22 12:51:53] slim-app.INFO: India '/' home [] {"uid":"a551caf"}
[2016-08-22 12:52:46] slim-app.INFO: India '/' home [] {"uid":"f5f7cfc"}
[2016-08-22 12:52:47] slim-app.INFO: India '/' home [] {"uid":"9702509"}
[2016-08-22 12:53:31] slim-app.INFO: India '/' home [] {"uid":"b610d47"}
[2016-08-22 12:53:31] slim-app.INFO: India '/' home [] {"uid":"5a93855"}
[2016-08-22 12:53:40] slim-app.INFO: India '/' home [] {"uid":"7be9b59"}
[2016-08-22 12:53:40] slim-app.INFO: India '/' home [] {"uid":"f6801cb"}
[2016-08-22 12:54:43] slim-app.INFO: India '/' home [] {"uid":"f7ffcd7"}
[2016-08-22 12:54:43] slim-app.INFO: India '/' home [] {"uid":"f41e291"}
[2016-08-22 12:55:06] slim-app.INFO: India '/' home [] {"uid":"ad7f79f"}
[2016-08-22 12:55:06] slim-app.INFO: India '/' home [] {"uid":"76e1274"}
[2016-08-22 12:55:18] slim-app.INFO: India '/' home [] {"uid":"40738c4"}
[2016-08-22 12:55:19] slim-app.INFO: India '/' home [] {"uid":"4e0923a"}
[2016-08-22 12:56:30] slim-app.INFO: India '/' home [] {"uid":"1bb9d9a"}
[2016-08-22 12:56:30] slim-app.INFO: India '/' home [] {"uid":"d79d148"}
[2016-08-22 12:57:27] slim-app.INFO: India '/' home [] {"uid":"f76e564"}
[2016-08-22 12:57:27] slim-app.INFO: India '/' home [] {"uid":"486f556"}
[2016-08-22 12:59:54] slim-app.INFO: India '/' home [] {"uid":"eafda06"}
[2016-08-22 12:59:54] slim-app.INFO: India '/' home [] {"uid":"38a8a3f"}
[2016-08-22 13:00:01] slim-app.INFO: India '/' home [] {"uid":"d89ff98"}
[2016-08-22 13:00:02] slim-app.INFO: India '/' home [] {"uid":"ced34ce"}
[2016-08-22 13:02:14] slim-app.INFO: India '/' home [] {"uid":"dd83173"}
[2016-08-22 13:02:15] slim-app.INFO: India '/' home [] {"uid":"d6883c9"}
[2016-08-22 13:02:37] slim-app.INFO: India '/' home [] {"uid":"063029a"}
[2016-08-22 13:02:38] slim-app.INFO: India '/' home [] {"uid":"0f43d4e"}
[2016-08-22 13:03:48] slim-app.INFO: India '/' home [] {"uid":"bf48819"}
[2016-08-22 13:03:49] slim-app.INFO: India '/' home [] {"uid":"4f8a657"}
[2016-08-22 13:04:33] slim-app.INFO: India '/' home [] {"uid":"fb843bf"}
[2016-08-22 13:04:33] slim-app.INFO: India '/' home [] {"uid":"1472abf"}
[2016-08-22 13:04:49] slim-app.INFO: India '/' home [] {"uid":"445a9bc"}
[2016-08-22 13:04:49] slim-app.INFO: India '/' home [] {"uid":"ec7a367"}
[2016-08-22 13:04:55] slim-app.INFO: India '/' home [] {"uid":"960a8ca"}
[2016-08-22 13:04:56] slim-app.INFO: India '/' home [] {"uid":"b32b891"}
